<?xml version="1.0" encoding="UTF-8" ?>
<testsuites disabled="21" errors="0" failures="1" tests="22" time="9.823">
 <testsuite name="chrome.MSP Enrolment - Contact Info" timestamp="2019-06-10T16:20:25" hostname="localhost" time="9.812" errors="0" tests="4" skipped="0" disabled="3" failures="1">
  <testcase classname="chrome.MSP Enrolment - Contact Info" name="02. should let users set their own mailing address by filling out the Mailling Address field" time="9.808">
   <failure type="toContain" message="Expected &apos;http://localhost:4300/msp/enrolment/address&apos; to contain &apos;msp/enrolment/review&apos;, &apos;should navigate to the Review page&apos;."><![CDATA[Error: Failed expectation
    at UserContext.<anonymous> (/space/workspace/MyGovBC-MSP/e2e/enrolment/src/mspe-contact-info.e2e-spec.ts:32:41)
    at /space/workspace/MyGovBC-MSP/node_modules/jasminewd2/index.js:112:25
    at new ManagedPromise (/space/workspace/MyGovBC-MSP/node_modules/selenium-webdriver/lib/promise.js:1077:7)
    at ControlFlow.promise (/space/workspace/MyGovBC-MSP/node_modules/selenium-webdriver/lib/promise.js:2505:12)
    at schedulerExecute (/space/workspace/MyGovBC-MSP/node_modules/jasminewd2/index.js:95:18)
    at TaskQueue.execute_ (/space/workspace/MyGovBC-MSP/node_modules/selenium-webdriver/lib/promise.js:3084:14)
    at TaskQueue.executeNext_ (/space/workspace/MyGovBC-MSP/node_modules/selenium-webdriver/lib/promise.js:3067:27)
    at asyncRun (/space/workspace/MyGovBC-MSP/node_modules/selenium-webdriver/lib/promise.js:2974:25)
    at /space/workspace/MyGovBC-MSP/node_modules/selenium-webdriver/lib/promise.js:668:7]]>
   </failure>
  </testcase>
  <testcase classname="chrome.MSP Enrolment - Contact Info" name="01. should load the page without issue" time="0.001">
   <skipped />
  </testcase>
  <testcase classname="chrome.MSP Enrolment - Contact Info" name="03. should NOT let users continue with an incomplete mailing address" time="0">
   <skipped />
  </testcase>
  <testcase classname="chrome.MSP Enrolment - Contact Info" name="04. should let users partially fill out a mailing address but uncheck it, and continue" time="0.001">
   <skipped />
  </testcase>
 </testsuite>
 <testsuite name="chrome.MSP Enrolment - Authorize" timestamp="2019-06-10T16:20:35" hostname="localhost" time="0" errors="0" tests="1" skipped="0" disabled="1" failures="0">
  <testcase classname="chrome.MSP Enrolment - Authorize" name="01. should load the page without issue" time="0">
   <skipped />
  </testcase>
 </testsuite>
 <testsuite name="chrome.MSP Enrolment - Child Info" timestamp="2019-06-10T16:20:35" hostname="localhost" time="0.002" errors="0" tests="3" skipped="0" disabled="3" failures="0">
  <testcase classname="chrome.MSP Enrolment - Child Info" name="01. should load the page without issue" time="0">
   <skipped />
  </testcase>
  <testcase classname="chrome.MSP Enrolment - Child Info" name="02. should be able to continue when user has no children" time="0.001">
   <skipped />
  </testcase>
  <testcase classname="chrome.MSP Enrolment - Child Info" name="03. should be able to add child/children" time="0.001">
   <skipped />
  </testcase>
 </testsuite>
 <testsuite name="chrome.MSP Enrolment - Check Eligibility" timestamp="2019-06-10T16:20:35" hostname="localhost" time="0.001" errors="0" tests="5" skipped="0" disabled="5" failures="0">
  <testcase classname="chrome.MSP Enrolment - Check Eligibility" name="01. should load the page without issue" time="0">
   <skipped />
  </testcase>
  <testcase classname="chrome.MSP Enrolment - Check Eligibility" name="02. should NOT let the user to proceed if the user has not agreeed to the info collection notice" time="0">
   <skipped />
  </testcase>
  <testcase classname="chrome.MSP Enrolment - Check Eligibility" name="03. should let the user to proceed if the user has agreeed to the info collection notice" time="0">
   <skipped />
  </testcase>
  <testcase classname="chrome.MSP Enrolment - Check Eligibility" name="04. should NOT let the user continue if not all questions have been answered" time="0">
   <skipped />
  </testcase>
  <testcase classname="chrome.MSP Enrolment - Check Eligibility" name="05. should be able to continue after answering all the questions" time="0">
   <skipped />
  </testcase>
 </testsuite>
 <testsuite name="chrome.MSP Enrolment - End-to-End" timestamp="2019-06-10T16:20:35" hostname="localhost" time="0" errors="0" tests="1" skipped="0" disabled="1" failures="0">
  <testcase classname="chrome.MSP Enrolment - End-to-End" name="01. should be able to navigate from end to end by filling out required fields" time="0">
   <skipped />
  </testcase>
 </testsuite>
 <testsuite name="chrome.MSP Enrolment - Personal Info" timestamp="2019-06-10T16:20:35" hostname="localhost" time="0.002" errors="0" tests="4" skipped="0" disabled="4" failures="0">
  <testcase classname="chrome.MSP Enrolment - Personal Info" name="01. should load the page without issue" time="0.001">
   <skipped />
  </testcase>
  <testcase classname="chrome.MSP Enrolment - Personal Info" name="02. should be able to select status by typing it in the field" time="0">
   <skipped />
  </testcase>
  <testcase classname="chrome.MSP Enrolment - Personal Info" name="03. should be able to select status by clicking it in the field" time="0">
   <skipped />
  </testcase>
  <testcase classname="chrome.MSP Enrolment - Personal Info" name="04. should be able to continue when user answer all required questions" time="0">
   <skipped />
  </testcase>
 </testsuite>
 <testsuite name="chrome.MSP Enrolment - Review" timestamp="2019-06-10T16:20:35" hostname="localhost" time="0.001" errors="0" tests="1" skipped="0" disabled="1" failures="0">
  <testcase classname="chrome.MSP Enrolment - Review" name="01. should load the page without issue" time="0.001">
   <skipped />
  </testcase>
 </testsuite>
 <testsuite name="chrome.MSP Enrolment - Spouse Info" timestamp="2019-06-10T16:20:35" hostname="localhost" time="0.005" errors="0" tests="3" skipped="0" disabled="3" failures="0">
  <testcase classname="chrome.MSP Enrolment - Spouse Info" name="01. should load the page without issue" time="0">
   <skipped />
  </testcase>
  <testcase classname="chrome.MSP Enrolment - Spouse Info" name="02. should be able to continue when user has no spouse" time="0">
   <skipped />
  </testcase>
  <testcase classname="chrome.MSP Enrolment - Spouse Info" name="03. should be able to add spouse" time="0">
   <skipped />
  </testcase>
 </testsuite>
</testsuites>