<?xml version="1.0" encoding="UTF-8" ?>
<testsuites disabled="0" errors="0" failures="0" tests="5" time="49.664">
 <testsuite name="firefox.MSP Supp Benefits - Authorize Page" timestamp="2019-06-20T12:19:40" hostname="localhost" time="0.01" errors="0" tests="1" skipped="0" disabled="0" failures="0">
  <testcase classname="firefox.MSP Supp Benefits - Authorize Page" name="01. should load the page without issue" time="0.008" />
 </testsuite>
 <testsuite name="firefox.MSP Supplementary Benefits - Prepare Page" timestamp="2019-06-20T12:19:40" hostname="localhost" time="49.654" errors="0" tests="4" skipped="0" disabled="0" failures="0">
  <testcase classname="firefox.MSP Supplementary Benefits - Prepare Page" name="01. should load the page without issue" time="10.954" />
  <testcase classname="firefox.MSP Supplementary Benefits - Prepare Page" name="02. should NOT let the user to proceed if the user has not agreeed to the info collection notice" time="11.554" />
  <testcase classname="firefox.MSP Supplementary Benefits - Prepare Page" name="03. should let the user to proceed if the user has agreeed to the info collection notice" time="15.716" />
  <testcase classname="firefox.MSP Supplementary Benefits - Prepare Page" name="04. should NOT let the user continue if not all questions have been answered" time="11.428" />
 </testsuite>
</testsuites>