<?xml version="1.0" encoding="UTF-8" ?>
<testsuites disabled="0" errors="0" failures="1" tests="1" time="8.51">
 <testsuite name="firefox.MSP AccountChange - End-to-End" timestamp="2020-12-03T14:47:49" hostname="localhost" time="8.51" errors="0" tests="1" skipped="0" disabled="0" failures="1">
  <testcase classname="firefox.MSP AccountChange - End-to-End" name="01. should be able to navigate from end to end - no updates, no spouse, and no children" time="8.509">
   <failure type="exception" message="Failed: Element &lt;common-name class=&quot;ng-untouched ng-pristine ng-invalid&quot;&gt; is not reachable by keyboard"><![CDATA[ElementNotInteractableError: Element <common-name class="ng-untouched ng-pristine ng-invalid"> is not reachable by keyboard
    at Object.throwDecodedError (C:\Users\bryce\Documents\work\temp-MSP\node_modules\selenium-webdriver\lib\error.js:514:15)
    at parseHttpResponse (C:\Users\bryce\Documents\work\temp-MSP\node_modules\selenium-webdriver\lib\http.js:519:13)
    at doSend.then.response (C:\Users\bryce\Documents\work\temp-MSP\node_modules\selenium-webdriver\lib\http.js:441:30)
    at process._tickCallback (internal/process/next_tick.js:68:7)
From: Task: WebElement.sendKeys()
    at Driver.schedule (C:\Users\bryce\Documents\work\temp-MSP\node_modules\selenium-webdriver\lib\webdriver.js:807:17)
    at WebElement.schedule_ (C:\Users\bryce\Documents\work\temp-MSP\node_modules\selenium-webdriver\lib\webdriver.js:2010:25)
    at WebElement.sendKeys (C:\Users\bryce\Documents\work\temp-MSP\node_modules\selenium-webdriver\lib\webdriver.js:2174:19)
    at actionFn (C:\Users\bryce\Documents\work\temp-MSP\node_modules\protractor\built\element.js:89:44)
    at Array.map (<anonymous>)
    at actionResults.getWebElements.then (C:\Users\bryce\Documents\work\temp-MSP\node_modules\protractor\built\element.js:461:65)
    at ManagedPromise.invokeCallback_ (C:\Users\bryce\Documents\work\temp-MSP\node_modules\selenium-webdriver\lib\promise.js:1376:14)
    at TaskQueue.execute_ (C:\Users\bryce\Documents\work\temp-MSP\node_modules\selenium-webdriver\lib\promise.js:3084:14)
    at TaskQueue.executeNext_ (C:\Users\bryce\Documents\work\temp-MSP\node_modules\selenium-webdriver\lib\promise.js:3067:27)
    at asyncRun (C:\Users\bryce\Documents\work\temp-MSP\node_modules\selenium-webdriver\lib\promise.js:2927:27)Error: 
    at ElementArrayFinder.applyAction_ (C:\Users\bryce\Documents\work\temp-MSP\node_modules\protractor\built\element.js:459:27)
    at ElementArrayFinder.(anonymous function).args [as sendKeys] (C:\Users\bryce\Documents\work\temp-MSP\node_modules\protractor\built\element.js:91:29)
    at ElementFinder.(anonymous function).args [as sendKeys] (C:\Users\bryce\Documents\work\temp-MSP\node_modules\protractor\built\element.js:831:22)
    at PersonalInfoPage.fillPersonalInfo (C:\Users\bryce\Documents\work\temp-MSP\e2e\account\src\mspac-account.po.ts:93:56)
    at UserContext.<anonymous> (C:\Users\bryce\Documents\work\temp-MSP\e2e\account\src\mspac-happy-path.e2e-spec.ts:52:18)
    at C:\Users\bryce\Documents\work\temp-MSP\node_modules\jasminewd2\index.js:112:25
    at new ManagedPromise (C:\Users\bryce\Documents\work\temp-MSP\node_modules\selenium-webdriver\lib\promise.js:1077:7)
    at ControlFlow.promise (C:\Users\bryce\Documents\work\temp-MSP\node_modules\selenium-webdriver\lib\promise.js:2505:12)
    at schedulerExecute (C:\Users\bryce\Documents\work\temp-MSP\node_modules\jasminewd2\index.js:95:18)
    at TaskQueue.execute_ (C:\Users\bryce\Documents\work\temp-MSP\node_modules\selenium-webdriver\lib\promise.js:3084:14)
From: Task: Run it("01. should be able to navigate from end to end - no updates, no spouse, and no children") in control flow
    at UserContext.<anonymous> (C:\Users\bryce\Documents\work\temp-MSP\node_modules\jasminewd2\index.js:94:19)
    at attempt (C:\Users\bryce\Documents\work\temp-MSP\node_modules\jasmine\node_modules\jasmine-core\lib\jasmine-core\jasmine.js:4297:26)
    at QueueRunner.run (C:\Users\bryce\Documents\work\temp-MSP\node_modules\jasmine\node_modules\jasmine-core\lib\jasmine-core\jasmine.js:4217:20)
    at runNext (C:\Users\bryce\Documents\work\temp-MSP\node_modules\jasmine\node_modules\jasmine-core\lib\jasmine-core\jasmine.js:4257:20)
    at C:\Users\bryce\Documents\work\temp-MSP\node_modules\jasmine\node_modules\jasmine-core\lib\jasmine-core\jasmine.js:4264:13
    at C:\Users\bryce\Documents\work\temp-MSP\node_modules\jasmine\node_modules\jasmine-core\lib\jasmine-core\jasmine.js:4172:9
    at C:\Users\bryce\Documents\work\temp-MSP\node_modules\jasminewd2\index.js:64:48
    at ControlFlow.emit (C:\Users\bryce\Documents\work\temp-MSP\node_modules\selenium-webdriver\lib\events.js:62:21)
    at ControlFlow.shutdown_ (C:\Users\bryce\Documents\work\temp-MSP\node_modules\selenium-webdriver\lib\promise.js:2674:10)
    at shutdownTask_.MicroTask (C:\Users\bryce\Documents\work\temp-MSP\node_modules\selenium-webdriver\lib\promise.js:2599:53)
From asynchronous test: 
Error: 
    at Suite.<anonymous> (C:\Users\bryce\Documents\work\temp-MSP\e2e\account\src\mspac-happy-path.e2e-spec.ts:46:3)
    at addSpecsToSuite (C:\Users\bryce\Documents\work\temp-MSP\node_modules\jasmine\node_modules\jasmine-core\lib\jasmine-core\jasmine.js:1107:25)
    at Env.describe (C:\Users\bryce\Documents\work\temp-MSP\node_modules\jasmine\node_modules\jasmine-core\lib\jasmine-core\jasmine.js:1074:7)
    at describe (C:\Users\bryce\Documents\work\temp-MSP\node_modules\jasmine\node_modules\jasmine-core\lib\jasmine-core\jasmine.js:4399:18)
    at Object.<anonymous> (C:\Users\bryce\Documents\work\temp-MSP\e2e\account\src\mspac-happy-path.e2e-spec.ts:13:1)
    at Module._compile (internal/modules/cjs/loader.js:778:30)
    at Module.m._compile (C:\Users\bryce\Documents\work\temp-MSP\node_modules\ts-node\src\index.ts:536:23)
    at Module._extensions..js (internal/modules/cjs/loader.js:789:10)
    at Object.require.extensions.(anonymous function) [as .ts] (C:\Users\bryce\Documents\work\temp-MSP\node_modules\ts-node\src\index.ts:539:12)]]>
   </failure>
  </testcase>
 </testsuite>
</testsuites>